[o2026-01-09 22:57:41,198][CRITICAL][予期せぬエラー発生:{e}]
Traceback (most recent call last):
  File "/Users/sekiguchitatsuki/scraping_dojo/venv/lib/python3.9/site-packages/urllib3/connection.py", line 204, in _new_conn
    sock = connection.create_connection(
  File "/Users/sekiguchitatsuki/scraping_dojo/venv/lib/python3.9/site-packages/urllib3/util/connection.py", line 60, in create_connection
    for res in socket.getaddrinfo(host, port, family, socket.SOCK_STREAM):
  File "/Library/Developer/CommandLineTools/Library/Frameworks/Python3.framework/Versions/3.9/lib/python3.9/socket.py", line 953, in getaddrinfo
    for res in _socket.getaddrinfo(host, port, family, type, prot, flags):
socket.gaierror: [Errno 8] nodename nor servname provided, or not known

The above exception was the direct cause of the following exception:

Traceback (most recent call last):
  File "/Users/sekiguchitatsuki/scraping_dojo/venv/lib/python3.9/site-packages/urllib3/connectionpool.py", line 787, in urlopen
    response = self._make_request(
  File "/Users/sekiguchitatsuki/scraping_dojo/venv/lib/python3.9/site-packages/urllib3/connectionpool.py", line 488, in _make_request
    raise new_e
  File "/Users/sekiguchitatsuki/scraping_dojo/venv/lib/python3.9/site-packages/urllib3/connectionpool.py", line 464, in _make_request
    self._validate_conn(conn)
  File "/Users/sekiguchitatsuki/scraping_dojo/venv/lib/python3.9/site-packages/urllib3/connectionpool.py", line 1093, in _validate_conn
    conn.connect()
  File "/Users/sekiguchitatsuki/scraping_dojo/venv/lib/python3.9/site-packages/urllib3/connection.py", line 759, in connect
    self.sock = sock = self._new_conn()
  File "/Users/sekiguchitatsuki/scraping_dojo/venv/lib/python3.9/site-packages/urllib3/connection.py", line 211, in _new_conn
    raise NameResolutionError(self.host, self, e) from e
urllib3.exceptions.NameResolutionError: HTTPSConnection(host='googlechromelabs.github.io', port=443): Failed to resolve 'googlechromelabs.github.io' ([Errno 8] nodename nor servname provided, or not known)

The above exception was the direct cause of the following exception:

Traceback (most recent call last):
  File "/Users/sekiguchitatsuki/scraping_dojo/venv/lib/python3.9/site-packages/requests/adapters.py", line 644, in send
    resp = conn.urlopen(
  File "/Users/sekiguchitatsuki/scraping_dojo/venv/lib/python3.9/site-packages/urllib3/connectionpool.py", line 841, in urlopen
    retries = retries.increment(
  File "/Users/sekiguchitatsuki/scraping_dojo/venv/lib/python3.9/site-packages/urllib3/util/retry.py", line 519, in increment
    raise MaxRetryError(_pool, url, reason) from reason  # type: ignore[arg-type]
urllib3.exceptions.MaxRetryError: HTTPSConnectionPool(host='googlechromelabs.github.io', port=443): Max retries exceeded with url: /chrome-for-testing/latest-patch-versions-per-build.json (Caused by NameResolutionError("HTTPSConnection(host='googlechromelabs.github.io', port=443): Failed to resolve 'googlechromelabs.github.io' ([Errno 8] nodename nor servname provided, or not known)"))

During handling of the above exception, another exception occurred:

Traceback (most recent call last):
  File "/Users/sekiguchitatsuki/scraping_dojo/venv/lib/python3.9/site-packages/webdriver_manager/core/http.py", line 32, in get
    resp = requests.get(
  File "/Users/sekiguchitatsuki/scraping_dojo/venv/lib/python3.9/site-packages/requests/api.py", line 73, in get
    return request("get", url, params=params, **kwargs)
  File "/Users/sekiguchitatsuki/scraping_dojo/venv/lib/python3.9/site-packages/requests/api.py", line 59, in request
    return session.request(method=method, url=url, **kwargs)
  File "/Users/sekiguchitatsuki/scraping_dojo/venv/lib/python3.9/site-packages/requests/sessions.py", line 589, in request
    resp = self.send(prep, **send_kwargs)
  File "/Users/sekiguchitatsuki/scraping_dojo/venv/lib/python3.9/site-packages/requests/sessions.py", line 703, in send
    r = adapter.send(request, **kwargs)
  File "/Users/sekiguchitatsuki/scraping_dojo/venv/lib/python3.9/site-packages/requests/adapters.py", line 677, in send
    raise ConnectionError(e, request=request)
requests.exceptions.ConnectionError: HTTPSConnectionPool(host='googlechromelabs.github.io', port=443): Max retries exceeded with url: /chrome-for-testing/latest-patch-versions-per-build.json (Caused by NameResolutionError("HTTPSConnection(host='googlechromelabs.github.io', port=443): Failed to resolve 'googlechromelabs.github.io' ([Errno 8] nodename nor servname provided, or not known)"))

During handling of the above exception, another exception occurred:

Traceback (most recent call last):
  File "/Users/sekiguchitatsuki/scraping_dojo/task/day2_t/suumo_log.py", line 35, in <module>
    driver_path = ChromeDriverManager().install()
  File "/Users/sekiguchitatsuki/scraping_dojo/venv/lib/python3.9/site-packages/webdriver_manager/chrome.py", line 40, in install
    driver_path = self._get_driver_binary_path(self.driver)
  File "/Users/sekiguchitatsuki/scraping_dojo/venv/lib/python3.9/site-packages/webdriver_manager/core/manager.py", line 35, in _get_driver_binary_path
    binary_path = self._cache_manager.find_driver(driver)
  File "/Users/sekiguchitatsuki/scraping_dojo/venv/lib/python3.9/site-packages/webdriver_manager/core/driver_cache.py", line 107, in find_driver
    driver_version = self.get_cache_key_driver_version(driver)
  File "/Users/sekiguchitatsuki/scraping_dojo/venv/lib/python3.9/site-packages/webdriver_manager/core/driver_cache.py", line 154, in get_cache_key_driver_version
    return driver.get_driver_version_to_download()
  File "/Users/sekiguchitatsuki/scraping_dojo/venv/lib/python3.9/site-packages/webdriver_manager/core/driver.py", line 48, in get_driver_version_to_download
    return self.get_latest_release_version()
  File "/Users/sekiguchitatsuki/scraping_dojo/venv/lib/python3.9/site-packages/webdriver_manager/drivers/chrome.py", line 59, in get_latest_release_version
    response = self._http_client.get(url)
  File "/Users/sekiguchitatsuki/scraping_dojo/venv/lib/python3.9/site-packages/webdriver_manager/core/http.py", line 35, in get
    raise exceptions.ConnectionError(f"Could not reach host. Are you offline?")
requests.exceptions.ConnectionError: Could not reach host. Are you offline?
